<?xml version="1.0" encoding="UTF-8"?>
<!-- Generated by org.testng.reporters.JUnitXMLReporter -->
<testsuite hostname="DESKTOP-OQ59V6H" ignored="0" name="2st Set of testing In Jenkins" tests="9" failures="0" timestamp="27 Dec 2021 18:06:11 GMT" time="2.6" errors="0">
  <testcase name="startCase1" time="0.212" classname="com.qa.testlogic.TestCase2"/>
  <testcase name="startCase1" time="0.212" classname="com.qa.testlogic.TestCase1"/>
  <testcase name="startCase2" time="0.216" classname="com.qa.testlogic.TestCase2"/>
  <testcase name="startCase2" time="0.212" classname="com.qa.testlogic.TestCase1"/>
  <testcase name="startCase2" time="0.005" classname="com.qa.testlogic.TestCase3"/>
  <testcase name="startCase1" time="0.007" classname="com.qa.testlogic.TestCase3"/>
  <testcase name="startCase3" time="1.864" classname="com.qa.testlogic.TestCase3"/>
  <testcase name="startCase3" time="2.396" classname="com.qa.testlogic.TestCase1"/>
  <testcase name="startCase3" time="2.198" classname="com.qa.testlogic.TestCase2"/>
</testsuite> <!-- 2st Set of testing In Jenkins -->
