<?xml version="1.0" encoding="UTF-8"?>
<!-- Generated by org.testng.reporters.JUnitXMLReporter -->
<testsuite hostname="DESKTOP-OQ59V6H" ignored="0" name="2st Set of testing In Jenkins" tests="9" failures="0" timestamp="23 Dec 2021 22:33:56 GMT" time="2.695" errors="0">
  <testcase name="startCase1" time="0.042" classname="com.qa.testlogic.TestCase1"/>
  <testcase name="startCase2" time="0.083" classname="com.qa.testlogic.TestCase1"/>
  <testcase name="startCase1" time="0.007" classname="com.qa.testlogic.TestCase2"/>
  <testcase name="startCase2" time="0.006" classname="com.qa.testlogic.TestCase2"/>
  <testcase name="startCase3" time="1.563" classname="com.qa.testlogic.TestCase1"/>
  <testcase name="startCase1" time="0.001" classname="com.qa.testlogic.TestCase3"/>
  <testcase name="startCase2" time="0.001" classname="com.qa.testlogic.TestCase3"/>
  <testcase name="startCase3" time="1.489" classname="com.qa.testlogic.TestCase2"/>
  <testcase name="startCase3" time="0.93" classname="com.qa.testlogic.TestCase3"/>
</testsuite> <!-- 2st Set of testing In Jenkins -->
