<?xml version="1.0" encoding="UTF-8"?>
<!-- Generated by org.testng.reporters.JUnitXMLReporter -->
<testsuite hostname="DESKTOP-OQ59V6H" ignored="0" name="Default test" tests="3" failures="0" timestamp="23 Dec 2021 21:39:19 GMT" time="0.078" errors="0">
  <testcase name="startCase1" time="0.023" classname="com.qa.testlogic.TestCase1"/>
  <testcase name="startCase2" time="0.003" classname="com.qa.testlogic.TestCase1"/>
  <testcase name="startCase3" time="0.004" classname="com.qa.testlogic.TestCase1"/>
</testsuite> <!-- Default test -->
