<?xml version="1.0" encoding="UTF-8"?>
<!-- Generated by org.testng.reporters.JUnitXMLReporter -->
<testsuite ignored="0" hostname="DESKTOP-OQ59V6H" failures="0" tests="9" name="Command line test" time="2.796" errors="0" timestamp="2021-12-24T04:10:18 IST">
  <testcase classname="com.qa.testlogic.TestCase1" name="startCase1" time="0.007"/>
  <testcase classname="com.qa.testlogic.TestCase1" name="startCase2" time="0.0"/>
  <testcase classname="com.qa.testlogic.TestCase1" name="startCase3" time="0.742"/>
  <testcase classname="com.qa.testlogic.TestCase2" name="startCase1" time="0.0"/>
  <testcase classname="com.qa.testlogic.TestCase2" name="startCase2" time="0.0"/>
  <testcase classname="com.qa.testlogic.TestCase2" name="startCase3" time="1.256"/>
  <testcase classname="com.qa.testlogic.TestCase3" name="startCase1" time="0.0"/>
  <testcase classname="com.qa.testlogic.TestCase3" name="startCase2" time="0.0"/>
  <testcase classname="com.qa.testlogic.TestCase3" name="startCase3" time="0.713"/>
</testsuite> <!-- Command line test -->
