<?xml version="1.0" encoding="UTF-8"?>
<!-- Generated by org.testng.reporters.JUnitXMLReporter -->
<testsuite ignored="0" hostname="DESKTOP-OQ59V6H" failures="0" tests="9" name="Command line test" time="3.282" errors="0" timestamp="2021-12-24T03:11:37 IST">
  <testcase classname="com.qa.testlogic.TestCase1" name="startCase1" time="0.008"/>
  <testcase classname="com.qa.testlogic.TestCase1" name="startCase2" time="0.001"/>
  <testcase classname="com.qa.testlogic.TestCase1" name="startCase3" time="0.752"/>
  <testcase classname="com.qa.testlogic.TestCase2" name="startCase1" time="0.001"/>
  <testcase classname="com.qa.testlogic.TestCase2" name="startCase2" time="0.001"/>
  <testcase classname="com.qa.testlogic.TestCase2" name="startCase3" time="1.226"/>
  <testcase classname="com.qa.testlogic.TestCase3" name="startCase1" time="0.001"/>
  <testcase classname="com.qa.testlogic.TestCase3" name="startCase2" time="0.004"/>
  <testcase classname="com.qa.testlogic.TestCase3" name="startCase3" time="1.2"/>
</testsuite> <!-- Command line test -->
