<?xml version="1.0" encoding="UTF-8"?>
<testng-results ignored="0" total="1" passed="1" failed="0" skipped="0">
  <reporter-output>
  </reporter-output>
  <suite started-at="2021-12-21T21:30:47 IST" name="com.qa.testlogic.TestCase1" finished-at="2021-12-21T21:30:47 IST" duration-ms="76">
    <groups>
    </groups>
    <test started-at="2021-12-21T21:30:47 IST" name="Command line test" finished-at="2021-12-21T21:30:47 IST" duration-ms="76">
      <class name="com.qa.testlogic.TestCase1">
        <test-method signature="startCase()[pri:0, instance:com.qa.testlogic.TestCase1@385c9627]" started-at="2021-12-21T21:30:47 IST" name="startCase" finished-at="2021-12-21T21:30:47 IST" duration-ms="7" status="PASS">
          <reporter-output>
          </reporter-output>
        </test-method> <!-- startCase -->
      </class> <!-- com.qa.testlogic.TestCase1 -->
    </test> <!-- Command line test -->
  </suite> <!-- com.qa.testlogic.TestCase1 -->
</testng-results>
