<?xml version="1.0" encoding="UTF-8"?>
<testng-results ignored="0" total="0" passed="0" failed="0" skipped="0">
  <reporter-output>
  </reporter-output>
  <suite started-at="2021-12-21T01:52:56 IST" name="com.qa.testlogic.TestCase1" finished-at="2021-12-21T01:52:56 IST" duration-ms="12">
    <groups>
    </groups>
    <test started-at="2021-12-21T01:52:56 IST" name="Command line test" finished-at="2021-12-21T01:52:56 IST" duration-ms="12">
    </test> <!-- Command line test -->
  </suite> <!-- com.qa.testlogic.TestCase1 -->
</testng-results>
