<?xml version="1.0" encoding="UTF-8" ?>
<testsuite tests="9" failures="0" name="TestSuite" time="3.2" errors="0" skipped="0">
  <properties>
[...]
</properties>
  <testcase classname="com.qa.testlogic.TestCase1" name="startCase1" time="0.015"/>
  <testcase classname="com.qa.testlogic.TestCase1" name="startCase2" time="0.001"/>
  <testcase classname="com.qa.testlogic.TestCase1" name="startCase3" time="0.75"/>
  <testcase classname="com.qa.testlogic.TestCase2" name="startCase1" time="0.001"/>
  <testcase classname="com.qa.testlogic.TestCase2" name="startCase2" time="0.004"/>
  <testcase classname="com.qa.testlogic.TestCase2" name="startCase3" time="1.224"/>
  <testcase classname="com.qa.testlogic.TestCase3" name="startCase1" time="0"/>
  <testcase classname="com.qa.testlogic.TestCase3" name="startCase2" time="0.007"/>
  <testcase classname="com.qa.testlogic.TestCase3" name="startCase3" time="1.198"/>
</testsuite>