<?xml version="1.0" encoding="UTF-8"?>
<testng-results skipped="0" failed="0" ignored="0" total="9" passed="9">
  <reporter-output>
  </reporter-output>
  <suite name="SeleNium TestNG FrameWork" duration-ms="1909" started-at="2021-12-23T21:40:46Z" finished-at="2021-12-23T21:40:47Z">
    <groups>
    </groups>
    <test name="1st Set of testing In Jenkins" duration-ms="1909" started-at="2021-12-23T21:40:46Z" finished-at="2021-12-23T21:40:47Z">
      <class name="com.qa.testlogic.TestCase2">
        <test-method status="PASS" signature="startCase1()[pri:0, instance:com.qa.testlogic.TestCase2@4fbda97b]" name="startCase1" duration-ms="6" started-at="2021-12-24T03:10:46Z" finished-at="2021-12-24T03:10:46Z">
          <reporter-output>
          </reporter-output>
        </test-method> <!-- startCase1 -->
        <test-method status="PASS" signature="startCase2()[pri:0, instance:com.qa.testlogic.TestCase2@4fbda97b]" name="startCase2" duration-ms="2" started-at="2021-12-24T03:10:46Z" finished-at="2021-12-24T03:10:46Z">
          <reporter-output>
          </reporter-output>
        </test-method> <!-- startCase2 -->
        <test-method status="PASS" signature="startCase3()[pri:0, instance:com.qa.testlogic.TestCase2@4fbda97b]" name="startCase3" duration-ms="1037" started-at="2021-12-24T03:10:46Z" finished-at="2021-12-24T03:10:47Z">
          <reporter-output>
          </reporter-output>
        </test-method> <!-- startCase3 -->
      </class> <!-- com.qa.testlogic.TestCase2 -->
      <class name="com.qa.testlogic.TestCase1">
        <test-method status="PASS" signature="startCase2()[pri:0, instance:com.qa.testlogic.TestCase1@75c9e76b]" name="startCase2" duration-ms="22" started-at="2021-12-24T03:10:46Z" finished-at="2021-12-24T03:10:46Z">
          <reporter-output>
          </reporter-output>
        </test-method> <!-- startCase2 -->
        <test-method status="PASS" signature="startCase1()[pri:0, instance:com.qa.testlogic.TestCase1@75c9e76b]" name="startCase1" duration-ms="22" started-at="2021-12-24T03:10:46Z" finished-at="2021-12-24T03:10:46Z">
          <reporter-output>
          </reporter-output>
        </test-method> <!-- startCase1 -->
        <test-method status="PASS" signature="startCase3()[pri:0, instance:com.qa.testlogic.TestCase1@75c9e76b]" name="startCase3" duration-ms="1067" started-at="2021-12-24T03:10:46Z" finished-at="2021-12-24T03:10:47Z">
          <reporter-output>
          </reporter-output>
        </test-method> <!-- startCase3 -->
      </class> <!-- com.qa.testlogic.TestCase1 -->
      <class name="com.qa.testlogic.TestCase3">
        <test-method status="PASS" signature="startCase1()[pri:0, instance:com.qa.testlogic.TestCase3@75f5fd58]" name="startCase1" duration-ms="1" started-at="2021-12-24T03:10:47Z" finished-at="2021-12-24T03:10:47Z">
          <reporter-output>
          </reporter-output>
        </test-method> <!-- startCase1 -->
        <test-method status="PASS" signature="startCase2()[pri:0, instance:com.qa.testlogic.TestCase3@75f5fd58]" name="startCase2" duration-ms="1" started-at="2021-12-24T03:10:47Z" finished-at="2021-12-24T03:10:47Z">
          <reporter-output>
          </reporter-output>
        </test-method> <!-- startCase2 -->
        <test-method status="PASS" signature="startCase3()[pri:0, instance:com.qa.testlogic.TestCase3@75f5fd58]" name="startCase3" duration-ms="757" started-at="2021-12-24T03:10:47Z" finished-at="2021-12-24T03:10:47Z">
          <reporter-output>
          </reporter-output>
        </test-method> <!-- startCase3 -->
      </class> <!-- com.qa.testlogic.TestCase3 -->
    </test> <!-- 1st Set of testing In Jenkins -->
  </suite> <!-- SeleNium TestNG FrameWork -->
</testng-results>
