<?xml version="1.0" encoding="UTF-8"?>
<testng-results skipped="0" failed="0" ignored="0" total="1" passed="1">
  <reporter-output>
  </reporter-output>
  <suite name="SeleNium TestNG FrameWork" duration-ms="19825" started-at="2021-12-27T22:02:47Z" finished-at="2021-12-27T22:03:07Z">
    <groups>
    </groups>
    <test name="Build Wid Out Params" duration-ms="19825" started-at="2021-12-27T22:02:47Z" finished-at="2021-12-27T22:03:07Z">
      <class name="com.qa.testlogic.BuildWidOutParam">
        <test-method status="PASS" signature="setup()[pri:0, instance:com.qa.testlogic.BuildWidOutParam@2e3967ea]" name="setup" duration-ms="19693" started-at="2021-12-28T03:32:47Z" finished-at="2021-12-28T03:33:07Z">
          <reporter-output>
          </reporter-output>
        </test-method> <!-- setup -->
      </class> <!-- com.qa.testlogic.BuildWidOutParam -->
    </test> <!-- Build Wid Out Params -->
  </suite> <!-- SeleNium TestNG FrameWork -->
</testng-results>
